
SQL*Loader: Release 11.2.0.2.0 - Production on Sun Oct 22 02:08:45 2017

Copyright (c) 1982, 2009, Oracle and/or its affiliates.  All rights reserved.

Control File:   LOAD_PROJ.ctl
Data File:      LOAD_PROJ.dat
  Bad File:     LOAD_PROJ.bad
  Discard File:  none specified
 
 (Allow all discards)

Number to load: ALL
Number to skip: 0
Errors allowed: 50
Bind array:     64 rows, maximum of 256000 bytes
Continuation:    none specified
Path used:      Conventional

Table PROJ, loaded from every logical record.
Insert option in effect for this table: APPEND

   Column Name                  Position   Len  Term Encl Datatype
------------------------------ ---------- ----- ---- ---- ---------------------
PROJNUMBER                          FIRST     *   /       CHARACTER            
PROJNAME                             NEXT     *   /       CHARACTER            


Table PROJ:
  5 Rows successfully loaded.
  0 Rows not loaded due to data errors.
  0 Rows not loaded because all WHEN clauses were failed.
  0 Rows not loaded because all fields were null.


Space allocated for bind array:                  33024 bytes(64 rows)
Read   buffer bytes: 1048576

Total logical records skipped:          0
Total logical records read:             5
Total logical records rejected:         0
Total logical records discarded:        0

Run began on Sun Oct 22 02:08:45 2017
Run ended on Sun Oct 22 02:08:48 2017

Elapsed time was:     00:00:02.85
CPU time was:         00:00:00.01
